<?xml version="1.0" encoding="UTF-8"?>
<!-- Generated by org.testng.reporters.JUnitReportReporter -->
<testsuite skipped="0" hostname="senthilvenu" name="collections.Arraylsit" tests="2" failures="0" timestamp="22 Oct 2018 03:33:23 GMT" time="12.646" errors="0">
  <testcase name="findLink" time="0.692" classname="collections.Arraylsit"/>
  <testcase name="Asetup" time="11.954" classname="collections.Arraylsit"/>
</testsuite> <!-- collections.Arraylsit -->
