<?xml version="1.0" encoding="UTF-8"?>
<!-- Generated by org.testng.reporters.JUnitReportReporter -->
<testsuite hostname="senthilvenu" name="Test.TestCase_01" tests="1" failures="0" timestamp="5 Dec 2019 18:17:16 GMT" time="0.008" errors="0">
  <testcase name="test" time="0.008" classname="Test.TestCase_01"/>
</testsuite> <!-- Test.TestCase_01 -->
